<?xml version="1.0" encoding="UTF-8" ?>
<testsuite tests="5" failures="0" name="com.jonat.enade.resources.ResultadoResourceTest" time="0.017" errors="0" skipped="0">
  <properties>
[...]
</properties>
  <testcase classname="com.jonat.enade.resources.ResultadoResourceTest" name="testFindAll" time="0.014"/>
  <testcase classname="com.jonat.enade.resources.ResultadoResourceTest" name="testMerge" time="0.002"/>
  <testcase classname="com.jonat.enade.resources.ResultadoResourceTest" name="testFind" time="0"/>
  <testcase classname="com.jonat.enade.resources.ResultadoResourceTest" name="testRemove" time="0.001"/>
  <testcase classname="com.jonat.enade.resources.ResultadoResourceTest" name="testRemoveAll" time="0"/>
</testsuite>